2022-09-06 09:40:19,971 - kedro.framework.session.session - INFO - Kedro project stock-price-classification
2022-09-06 09:40:20,901 - py.warnings - WARNING - /opt/anaconda3/envs/stock-classification/lib/python3.7/site-packages/pandas_datareader/compat/__init__.py:11: DeprecationWarning: distutils Version classes are deprecated. Use packaging.version instead.
  PANDAS_VERSION = LooseVersion(pd.__version__)

2022-09-06 09:40:20,904 - py.warnings - WARNING - /opt/anaconda3/envs/stock-classification/lib/python3.7/site-packages/pandas_datareader/compat/__init__.py:13: DeprecationWarning: distutils Version classes are deprecated. Use packaging.version instead.
  PANDAS_0210 = PANDAS_VERSION >= LooseVersion("0.21.0")

2022-09-06 09:40:20,907 - py.warnings - WARNING - /opt/anaconda3/envs/stock-classification/lib/python3.7/site-packages/pandas_datareader/compat/__init__.py:14: DeprecationWarning: distutils Version classes are deprecated. Use packaging.version instead.
  PANDAS_0220 = PANDAS_VERSION >= LooseVersion("0.22.0")

2022-09-06 09:40:20,909 - py.warnings - WARNING - /opt/anaconda3/envs/stock-classification/lib/python3.7/site-packages/pandas_datareader/compat/__init__.py:15: DeprecationWarning: distutils Version classes are deprecated. Use packaging.version instead.
  PANDAS_0230 = PANDAS_VERSION >= LooseVersion("0.23.0")

2022-09-06 09:41:13,557 - kedro.framework.session.session - INFO - Kedro project stock-price-classification
2022-09-06 09:41:14,011 - py.warnings - WARNING - /opt/anaconda3/envs/stock-classification/lib/python3.7/site-packages/pandas_datareader/compat/__init__.py:11: DeprecationWarning: distutils Version classes are deprecated. Use packaging.version instead.
  PANDAS_VERSION = LooseVersion(pd.__version__)

2022-09-06 09:41:14,014 - py.warnings - WARNING - /opt/anaconda3/envs/stock-classification/lib/python3.7/site-packages/pandas_datareader/compat/__init__.py:13: DeprecationWarning: distutils Version classes are deprecated. Use packaging.version instead.
  PANDAS_0210 = PANDAS_VERSION >= LooseVersion("0.21.0")

2022-09-06 09:41:14,015 - py.warnings - WARNING - /opt/anaconda3/envs/stock-classification/lib/python3.7/site-packages/pandas_datareader/compat/__init__.py:14: DeprecationWarning: distutils Version classes are deprecated. Use packaging.version instead.
  PANDAS_0220 = PANDAS_VERSION >= LooseVersion("0.22.0")

2022-09-06 09:41:14,017 - py.warnings - WARNING - /opt/anaconda3/envs/stock-classification/lib/python3.7/site-packages/pandas_datareader/compat/__init__.py:15: DeprecationWarning: distutils Version classes are deprecated. Use packaging.version instead.
  PANDAS_0230 = PANDAS_VERSION >= LooseVersion("0.23.0")

2022-09-06 10:05:26,597 - kedro.framework.session.session - INFO - Kedro project stock-price-classification
2022-09-06 10:05:47,335 - kedro.framework.session.session - INFO - Kedro project stock-price-classification
2022-09-06 10:05:48,021 - py.warnings - WARNING - /opt/anaconda3/envs/stock-classification/lib/python3.7/site-packages/pandas_datareader/compat/__init__.py:11: DeprecationWarning: distutils Version classes are deprecated. Use packaging.version instead.
  PANDAS_VERSION = LooseVersion(pd.__version__)

2022-09-06 10:05:48,023 - py.warnings - WARNING - /opt/anaconda3/envs/stock-classification/lib/python3.7/site-packages/pandas_datareader/compat/__init__.py:13: DeprecationWarning: distutils Version classes are deprecated. Use packaging.version instead.
  PANDAS_0210 = PANDAS_VERSION >= LooseVersion("0.21.0")

2022-09-06 10:05:48,025 - py.warnings - WARNING - /opt/anaconda3/envs/stock-classification/lib/python3.7/site-packages/pandas_datareader/compat/__init__.py:14: DeprecationWarning: distutils Version classes are deprecated. Use packaging.version instead.
  PANDAS_0220 = PANDAS_VERSION >= LooseVersion("0.22.0")

2022-09-06 10:05:48,026 - py.warnings - WARNING - /opt/anaconda3/envs/stock-classification/lib/python3.7/site-packages/pandas_datareader/compat/__init__.py:15: DeprecationWarning: distutils Version classes are deprecated. Use packaging.version instead.
  PANDAS_0230 = PANDAS_VERSION >= LooseVersion("0.23.0")

2022-09-06 10:06:46,893 - kedro.framework.session.session - INFO - Kedro project stock-price-classification
2022-09-06 10:06:47,499 - py.warnings - WARNING - /opt/anaconda3/envs/stock-classification/lib/python3.7/site-packages/pandas_datareader/compat/__init__.py:11: DeprecationWarning: distutils Version classes are deprecated. Use packaging.version instead.
  PANDAS_VERSION = LooseVersion(pd.__version__)

2022-09-06 10:06:47,501 - py.warnings - WARNING - /opt/anaconda3/envs/stock-classification/lib/python3.7/site-packages/pandas_datareader/compat/__init__.py:13: DeprecationWarning: distutils Version classes are deprecated. Use packaging.version instead.
  PANDAS_0210 = PANDAS_VERSION >= LooseVersion("0.21.0")

2022-09-06 10:06:47,503 - py.warnings - WARNING - /opt/anaconda3/envs/stock-classification/lib/python3.7/site-packages/pandas_datareader/compat/__init__.py:14: DeprecationWarning: distutils Version classes are deprecated. Use packaging.version instead.
  PANDAS_0220 = PANDAS_VERSION >= LooseVersion("0.22.0")

2022-09-06 10:06:47,504 - py.warnings - WARNING - /opt/anaconda3/envs/stock-classification/lib/python3.7/site-packages/pandas_datareader/compat/__init__.py:15: DeprecationWarning: distutils Version classes are deprecated. Use packaging.version instead.
  PANDAS_0230 = PANDAS_VERSION >= LooseVersion("0.23.0")

2022-09-06 10:07:47,647 - kedro.framework.session.session - INFO - Kedro project stock-price-classification
2022-09-06 10:07:48,392 - py.warnings - WARNING - /opt/anaconda3/envs/stock-classification/lib/python3.7/site-packages/pandas_datareader/compat/__init__.py:11: DeprecationWarning: distutils Version classes are deprecated. Use packaging.version instead.
  PANDAS_VERSION = LooseVersion(pd.__version__)

2022-09-06 10:07:48,394 - py.warnings - WARNING - /opt/anaconda3/envs/stock-classification/lib/python3.7/site-packages/pandas_datareader/compat/__init__.py:13: DeprecationWarning: distutils Version classes are deprecated. Use packaging.version instead.
  PANDAS_0210 = PANDAS_VERSION >= LooseVersion("0.21.0")

2022-09-06 10:07:48,396 - py.warnings - WARNING - /opt/anaconda3/envs/stock-classification/lib/python3.7/site-packages/pandas_datareader/compat/__init__.py:14: DeprecationWarning: distutils Version classes are deprecated. Use packaging.version instead.
  PANDAS_0220 = PANDAS_VERSION >= LooseVersion("0.22.0")

2022-09-06 10:07:48,398 - py.warnings - WARNING - /opt/anaconda3/envs/stock-classification/lib/python3.7/site-packages/pandas_datareader/compat/__init__.py:15: DeprecationWarning: distutils Version classes are deprecated. Use packaging.version instead.
  PANDAS_0230 = PANDAS_VERSION >= LooseVersion("0.23.0")

2022-09-06 10:08:09,390 - kedro.framework.session.session - INFO - Kedro project stock-price-classification
2022-09-06 10:08:09,865 - py.warnings - WARNING - /opt/anaconda3/envs/stock-classification/lib/python3.7/site-packages/pandas_datareader/compat/__init__.py:11: DeprecationWarning: distutils Version classes are deprecated. Use packaging.version instead.
  PANDAS_VERSION = LooseVersion(pd.__version__)

2022-09-06 10:08:09,867 - py.warnings - WARNING - /opt/anaconda3/envs/stock-classification/lib/python3.7/site-packages/pandas_datareader/compat/__init__.py:13: DeprecationWarning: distutils Version classes are deprecated. Use packaging.version instead.
  PANDAS_0210 = PANDAS_VERSION >= LooseVersion("0.21.0")

2022-09-06 10:08:09,869 - py.warnings - WARNING - /opt/anaconda3/envs/stock-classification/lib/python3.7/site-packages/pandas_datareader/compat/__init__.py:14: DeprecationWarning: distutils Version classes are deprecated. Use packaging.version instead.
  PANDAS_0220 = PANDAS_VERSION >= LooseVersion("0.22.0")

2022-09-06 10:08:09,871 - py.warnings - WARNING - /opt/anaconda3/envs/stock-classification/lib/python3.7/site-packages/pandas_datareader/compat/__init__.py:15: DeprecationWarning: distutils Version classes are deprecated. Use packaging.version instead.
  PANDAS_0230 = PANDAS_VERSION >= LooseVersion("0.23.0")

2022-09-06 10:08:58,327 - kedro.framework.session.session - INFO - Kedro project stock-price-classification
2022-09-06 10:08:58,801 - py.warnings - WARNING - /opt/anaconda3/envs/stock-classification/lib/python3.7/site-packages/pandas_datareader/compat/__init__.py:11: DeprecationWarning: distutils Version classes are deprecated. Use packaging.version instead.
  PANDAS_VERSION = LooseVersion(pd.__version__)

2022-09-06 10:08:58,803 - py.warnings - WARNING - /opt/anaconda3/envs/stock-classification/lib/python3.7/site-packages/pandas_datareader/compat/__init__.py:13: DeprecationWarning: distutils Version classes are deprecated. Use packaging.version instead.
  PANDAS_0210 = PANDAS_VERSION >= LooseVersion("0.21.0")

2022-09-06 10:08:58,805 - py.warnings - WARNING - /opt/anaconda3/envs/stock-classification/lib/python3.7/site-packages/pandas_datareader/compat/__init__.py:14: DeprecationWarning: distutils Version classes are deprecated. Use packaging.version instead.
  PANDAS_0220 = PANDAS_VERSION >= LooseVersion("0.22.0")

2022-09-06 10:08:58,808 - py.warnings - WARNING - /opt/anaconda3/envs/stock-classification/lib/python3.7/site-packages/pandas_datareader/compat/__init__.py:15: DeprecationWarning: distutils Version classes are deprecated. Use packaging.version instead.
  PANDAS_0230 = PANDAS_VERSION >= LooseVersion("0.23.0")

2022-09-06 10:14:14,952 - kedro.framework.session.session - INFO - Kedro project stock-price-classification
2022-09-06 10:14:15,418 - py.warnings - WARNING - /opt/anaconda3/envs/stock-classification/lib/python3.7/site-packages/pandas_datareader/compat/__init__.py:11: DeprecationWarning: distutils Version classes are deprecated. Use packaging.version instead.
  PANDAS_VERSION = LooseVersion(pd.__version__)

2022-09-06 10:14:15,421 - py.warnings - WARNING - /opt/anaconda3/envs/stock-classification/lib/python3.7/site-packages/pandas_datareader/compat/__init__.py:13: DeprecationWarning: distutils Version classes are deprecated. Use packaging.version instead.
  PANDAS_0210 = PANDAS_VERSION >= LooseVersion("0.21.0")

2022-09-06 10:14:15,423 - py.warnings - WARNING - /opt/anaconda3/envs/stock-classification/lib/python3.7/site-packages/pandas_datareader/compat/__init__.py:14: DeprecationWarning: distutils Version classes are deprecated. Use packaging.version instead.
  PANDAS_0220 = PANDAS_VERSION >= LooseVersion("0.22.0")

2022-09-06 10:14:15,425 - py.warnings - WARNING - /opt/anaconda3/envs/stock-classification/lib/python3.7/site-packages/pandas_datareader/compat/__init__.py:15: DeprecationWarning: distutils Version classes are deprecated. Use packaging.version instead.
  PANDAS_0230 = PANDAS_VERSION >= LooseVersion("0.23.0")

2022-09-06 10:15:42,917 - kedro.framework.session.session - INFO - Kedro project stock-price-classification
2022-09-06 10:15:43,386 - py.warnings - WARNING - /opt/anaconda3/envs/stock-classification/lib/python3.7/site-packages/pandas_datareader/compat/__init__.py:11: DeprecationWarning: distutils Version classes are deprecated. Use packaging.version instead.
  PANDAS_VERSION = LooseVersion(pd.__version__)

2022-09-06 10:15:43,388 - py.warnings - WARNING - /opt/anaconda3/envs/stock-classification/lib/python3.7/site-packages/pandas_datareader/compat/__init__.py:13: DeprecationWarning: distutils Version classes are deprecated. Use packaging.version instead.
  PANDAS_0210 = PANDAS_VERSION >= LooseVersion("0.21.0")

2022-09-06 10:15:43,390 - py.warnings - WARNING - /opt/anaconda3/envs/stock-classification/lib/python3.7/site-packages/pandas_datareader/compat/__init__.py:14: DeprecationWarning: distutils Version classes are deprecated. Use packaging.version instead.
  PANDAS_0220 = PANDAS_VERSION >= LooseVersion("0.22.0")

2022-09-06 10:15:43,392 - py.warnings - WARNING - /opt/anaconda3/envs/stock-classification/lib/python3.7/site-packages/pandas_datareader/compat/__init__.py:15: DeprecationWarning: distutils Version classes are deprecated. Use packaging.version instead.
  PANDAS_0230 = PANDAS_VERSION >= LooseVersion("0.23.0")

2022-09-06 10:15:54,162 - kedro.framework.session.session - INFO - Kedro project stock-price-classification
2022-09-06 10:15:54,626 - py.warnings - WARNING - /opt/anaconda3/envs/stock-classification/lib/python3.7/site-packages/pandas_datareader/compat/__init__.py:11: DeprecationWarning: distutils Version classes are deprecated. Use packaging.version instead.
  PANDAS_VERSION = LooseVersion(pd.__version__)

2022-09-06 10:15:54,629 - py.warnings - WARNING - /opt/anaconda3/envs/stock-classification/lib/python3.7/site-packages/pandas_datareader/compat/__init__.py:13: DeprecationWarning: distutils Version classes are deprecated. Use packaging.version instead.
  PANDAS_0210 = PANDAS_VERSION >= LooseVersion("0.21.0")

2022-09-06 10:15:54,631 - py.warnings - WARNING - /opt/anaconda3/envs/stock-classification/lib/python3.7/site-packages/pandas_datareader/compat/__init__.py:14: DeprecationWarning: distutils Version classes are deprecated. Use packaging.version instead.
  PANDAS_0220 = PANDAS_VERSION >= LooseVersion("0.22.0")

2022-09-06 10:15:54,633 - py.warnings - WARNING - /opt/anaconda3/envs/stock-classification/lib/python3.7/site-packages/pandas_datareader/compat/__init__.py:15: DeprecationWarning: distutils Version classes are deprecated. Use packaging.version instead.
  PANDAS_0230 = PANDAS_VERSION >= LooseVersion("0.23.0")

2022-09-06 10:16:37,383 - kedro.framework.session.session - INFO - Kedro project stock-price-classification
2022-09-06 10:16:37,865 - py.warnings - WARNING - /opt/anaconda3/envs/stock-classification/lib/python3.7/site-packages/pandas_datareader/compat/__init__.py:11: DeprecationWarning: distutils Version classes are deprecated. Use packaging.version instead.
  PANDAS_VERSION = LooseVersion(pd.__version__)

2022-09-06 10:16:37,867 - py.warnings - WARNING - /opt/anaconda3/envs/stock-classification/lib/python3.7/site-packages/pandas_datareader/compat/__init__.py:13: DeprecationWarning: distutils Version classes are deprecated. Use packaging.version instead.
  PANDAS_0210 = PANDAS_VERSION >= LooseVersion("0.21.0")

2022-09-06 10:16:37,869 - py.warnings - WARNING - /opt/anaconda3/envs/stock-classification/lib/python3.7/site-packages/pandas_datareader/compat/__init__.py:14: DeprecationWarning: distutils Version classes are deprecated. Use packaging.version instead.
  PANDAS_0220 = PANDAS_VERSION >= LooseVersion("0.22.0")

2022-09-06 10:16:37,871 - py.warnings - WARNING - /opt/anaconda3/envs/stock-classification/lib/python3.7/site-packages/pandas_datareader/compat/__init__.py:15: DeprecationWarning: distutils Version classes are deprecated. Use packaging.version instead.
  PANDAS_0230 = PANDAS_VERSION >= LooseVersion("0.23.0")

2022-09-06 10:17:25,819 - kedro.framework.session.session - INFO - Kedro project stock-price-classification
2022-09-06 10:17:26,305 - py.warnings - WARNING - /opt/anaconda3/envs/stock-classification/lib/python3.7/site-packages/pandas_datareader/compat/__init__.py:11: DeprecationWarning: distutils Version classes are deprecated. Use packaging.version instead.
  PANDAS_VERSION = LooseVersion(pd.__version__)

2022-09-06 10:17:26,307 - py.warnings - WARNING - /opt/anaconda3/envs/stock-classification/lib/python3.7/site-packages/pandas_datareader/compat/__init__.py:13: DeprecationWarning: distutils Version classes are deprecated. Use packaging.version instead.
  PANDAS_0210 = PANDAS_VERSION >= LooseVersion("0.21.0")

2022-09-06 10:17:26,310 - py.warnings - WARNING - /opt/anaconda3/envs/stock-classification/lib/python3.7/site-packages/pandas_datareader/compat/__init__.py:14: DeprecationWarning: distutils Version classes are deprecated. Use packaging.version instead.
  PANDAS_0220 = PANDAS_VERSION >= LooseVersion("0.22.0")

2022-09-06 10:17:26,313 - py.warnings - WARNING - /opt/anaconda3/envs/stock-classification/lib/python3.7/site-packages/pandas_datareader/compat/__init__.py:15: DeprecationWarning: distutils Version classes are deprecated. Use packaging.version instead.
  PANDAS_0230 = PANDAS_VERSION >= LooseVersion("0.23.0")

2022-09-06 10:17:54,663 - kedro.framework.session.session - INFO - Kedro project stock-price-classification
2022-09-06 10:17:55,126 - py.warnings - WARNING - /opt/anaconda3/envs/stock-classification/lib/python3.7/site-packages/pandas_datareader/compat/__init__.py:11: DeprecationWarning: distutils Version classes are deprecated. Use packaging.version instead.
  PANDAS_VERSION = LooseVersion(pd.__version__)

2022-09-06 10:17:55,129 - py.warnings - WARNING - /opt/anaconda3/envs/stock-classification/lib/python3.7/site-packages/pandas_datareader/compat/__init__.py:13: DeprecationWarning: distutils Version classes are deprecated. Use packaging.version instead.
  PANDAS_0210 = PANDAS_VERSION >= LooseVersion("0.21.0")

2022-09-06 10:17:55,131 - py.warnings - WARNING - /opt/anaconda3/envs/stock-classification/lib/python3.7/site-packages/pandas_datareader/compat/__init__.py:14: DeprecationWarning: distutils Version classes are deprecated. Use packaging.version instead.
  PANDAS_0220 = PANDAS_VERSION >= LooseVersion("0.22.0")

2022-09-06 10:17:55,134 - py.warnings - WARNING - /opt/anaconda3/envs/stock-classification/lib/python3.7/site-packages/pandas_datareader/compat/__init__.py:15: DeprecationWarning: distutils Version classes are deprecated. Use packaging.version instead.
  PANDAS_0230 = PANDAS_VERSION >= LooseVersion("0.23.0")

2022-09-06 10:18:36,447 - kedro.framework.session.session - INFO - Kedro project stock-price-classification
2022-09-06 10:18:36,924 - py.warnings - WARNING - /opt/anaconda3/envs/stock-classification/lib/python3.7/site-packages/pandas_datareader/compat/__init__.py:11: DeprecationWarning: distutils Version classes are deprecated. Use packaging.version instead.
  PANDAS_VERSION = LooseVersion(pd.__version__)

2022-09-06 10:18:36,926 - py.warnings - WARNING - /opt/anaconda3/envs/stock-classification/lib/python3.7/site-packages/pandas_datareader/compat/__init__.py:13: DeprecationWarning: distutils Version classes are deprecated. Use packaging.version instead.
  PANDAS_0210 = PANDAS_VERSION >= LooseVersion("0.21.0")

2022-09-06 10:18:36,928 - py.warnings - WARNING - /opt/anaconda3/envs/stock-classification/lib/python3.7/site-packages/pandas_datareader/compat/__init__.py:14: DeprecationWarning: distutils Version classes are deprecated. Use packaging.version instead.
  PANDAS_0220 = PANDAS_VERSION >= LooseVersion("0.22.0")

2022-09-06 10:18:36,930 - py.warnings - WARNING - /opt/anaconda3/envs/stock-classification/lib/python3.7/site-packages/pandas_datareader/compat/__init__.py:15: DeprecationWarning: distutils Version classes are deprecated. Use packaging.version instead.
  PANDAS_0230 = PANDAS_VERSION >= LooseVersion("0.23.0")

2022-09-06 10:18:36,998 - kedro.io.data_catalog - INFO - Loading data from 'test' (CSVDataSet)...
2022-09-06 10:18:37,000 - kedro.runner.sequential_runner - WARNING - There are 1 nodes that have not run.
You can resume the pipeline run by adding the following argument to your previous command:

2022-09-06 10:18:55,448 - kedro.framework.session.session - INFO - Kedro project stock-price-classification
2022-09-06 10:18:55,927 - py.warnings - WARNING - /opt/anaconda3/envs/stock-classification/lib/python3.7/site-packages/pandas_datareader/compat/__init__.py:11: DeprecationWarning: distutils Version classes are deprecated. Use packaging.version instead.
  PANDAS_VERSION = LooseVersion(pd.__version__)

2022-09-06 10:18:55,930 - py.warnings - WARNING - /opt/anaconda3/envs/stock-classification/lib/python3.7/site-packages/pandas_datareader/compat/__init__.py:13: DeprecationWarning: distutils Version classes are deprecated. Use packaging.version instead.
  PANDAS_0210 = PANDAS_VERSION >= LooseVersion("0.21.0")

2022-09-06 10:18:55,932 - py.warnings - WARNING - /opt/anaconda3/envs/stock-classification/lib/python3.7/site-packages/pandas_datareader/compat/__init__.py:14: DeprecationWarning: distutils Version classes are deprecated. Use packaging.version instead.
  PANDAS_0220 = PANDAS_VERSION >= LooseVersion("0.22.0")

2022-09-06 10:18:55,934 - py.warnings - WARNING - /opt/anaconda3/envs/stock-classification/lib/python3.7/site-packages/pandas_datareader/compat/__init__.py:15: DeprecationWarning: distutils Version classes are deprecated. Use packaging.version instead.
  PANDAS_0230 = PANDAS_VERSION >= LooseVersion("0.23.0")

2022-09-06 10:18:56,001 - kedro.io.data_catalog - INFO - Loading data from 'test' (CSVDataSet)...
2022-09-06 10:18:56,016 - kedro.io.data_catalog - INFO - Loading data from 'params:test_pull_params' (MemoryDataSet)...
2022-09-06 10:18:56,018 - kedro.pipeline.node - INFO - Running node: pull-in-stock-data: pull_stock_data([test,params:test_pull_params]) -> [raw_equity_data]
2022-09-06 10:18:56,019 - kedro.pipeline.node - ERROR - Node 'pull-in-stock-data: pull_stock_data([test,params:test_pull_params]) -> [raw_equity_data]' failed with error: 
'start_date'
2022-09-06 10:18:56,021 - kedro.runner.sequential_runner - WARNING - There are 1 nodes that have not run.
You can resume the pipeline run by adding the following argument to your previous command:

2022-09-06 10:21:04,740 - kedro.framework.session.session - INFO - Kedro project stock-price-classification
2022-09-06 10:21:05,205 - py.warnings - WARNING - /opt/anaconda3/envs/stock-classification/lib/python3.7/site-packages/pandas_datareader/compat/__init__.py:11: DeprecationWarning: distutils Version classes are deprecated. Use packaging.version instead.
  PANDAS_VERSION = LooseVersion(pd.__version__)

2022-09-06 10:21:05,207 - py.warnings - WARNING - /opt/anaconda3/envs/stock-classification/lib/python3.7/site-packages/pandas_datareader/compat/__init__.py:13: DeprecationWarning: distutils Version classes are deprecated. Use packaging.version instead.
  PANDAS_0210 = PANDAS_VERSION >= LooseVersion("0.21.0")

2022-09-06 10:21:05,209 - py.warnings - WARNING - /opt/anaconda3/envs/stock-classification/lib/python3.7/site-packages/pandas_datareader/compat/__init__.py:14: DeprecationWarning: distutils Version classes are deprecated. Use packaging.version instead.
  PANDAS_0220 = PANDAS_VERSION >= LooseVersion("0.22.0")

2022-09-06 10:21:05,212 - py.warnings - WARNING - /opt/anaconda3/envs/stock-classification/lib/python3.7/site-packages/pandas_datareader/compat/__init__.py:15: DeprecationWarning: distutils Version classes are deprecated. Use packaging.version instead.
  PANDAS_0230 = PANDAS_VERSION >= LooseVersion("0.23.0")

2022-09-06 10:21:05,274 - kedro.io.data_catalog - INFO - Loading data from 'test' (CSVDataSet)...
2022-09-06 10:21:05,278 - kedro.io.data_catalog - INFO - Loading data from 'params:test_pull_params' (MemoryDataSet)...
2022-09-06 10:21:05,279 - kedro.pipeline.node - INFO - Running node: pull-in-stock-data: pull_stock_data([test,params:test_pull_params]) -> [raw_equity_data]
2022-09-06 10:21:05,281 - kedro.pipeline.node - ERROR - Node 'pull-in-stock-data: pull_stock_data([test,params:test_pull_params]) -> [raw_equity_data]' failed with error: 
'start_date'
2022-09-06 10:21:05,282 - kedro.runner.sequential_runner - WARNING - There are 1 nodes that have not run.
You can resume the pipeline run by adding the following argument to your previous command:

2022-09-06 10:21:29,176 - kedro.framework.session.session - INFO - Kedro project stock-price-classification
2022-09-06 10:21:29,625 - py.warnings - WARNING - /opt/anaconda3/envs/stock-classification/lib/python3.7/site-packages/pandas_datareader/compat/__init__.py:11: DeprecationWarning: distutils Version classes are deprecated. Use packaging.version instead.
  PANDAS_VERSION = LooseVersion(pd.__version__)

2022-09-06 10:21:29,627 - py.warnings - WARNING - /opt/anaconda3/envs/stock-classification/lib/python3.7/site-packages/pandas_datareader/compat/__init__.py:13: DeprecationWarning: distutils Version classes are deprecated. Use packaging.version instead.
  PANDAS_0210 = PANDAS_VERSION >= LooseVersion("0.21.0")

2022-09-06 10:21:29,629 - py.warnings - WARNING - /opt/anaconda3/envs/stock-classification/lib/python3.7/site-packages/pandas_datareader/compat/__init__.py:14: DeprecationWarning: distutils Version classes are deprecated. Use packaging.version instead.
  PANDAS_0220 = PANDAS_VERSION >= LooseVersion("0.22.0")

2022-09-06 10:21:29,631 - py.warnings - WARNING - /opt/anaconda3/envs/stock-classification/lib/python3.7/site-packages/pandas_datareader/compat/__init__.py:15: DeprecationWarning: distutils Version classes are deprecated. Use packaging.version instead.
  PANDAS_0230 = PANDAS_VERSION >= LooseVersion("0.23.0")

2022-09-06 10:21:29,700 - kedro.io.data_catalog - INFO - Loading data from 'test' (CSVDataSet)...
2022-09-06 10:21:29,704 - kedro.io.data_catalog - INFO - Loading data from 'params:test_pull_params' (MemoryDataSet)...
2022-09-06 10:21:29,705 - kedro.pipeline.node - INFO - Running node: pull-in-stock-data: pull_stock_data([test,params:test_pull_params]) -> [raw_equity_data]
2022-09-06 10:21:35,650 - kedro.io.data_catalog - INFO - Saving data to 'raw_equity_data' (MemoryDataSet)...
2022-09-06 10:21:35,652 - kedro.runner.sequential_runner - INFO - Completed 1 out of 1 tasks
2022-09-06 10:21:35,653 - kedro.runner.sequential_runner - INFO - Pipeline execution completed successfully.
2022-09-06 10:21:35,654 - kedro.io.data_catalog - INFO - Loading data from 'raw_equity_data' (MemoryDataSet)...
2022-09-06 10:24:46,990 - kedro.framework.session.session - INFO - Kedro project stock-price-classification
2022-09-06 10:24:47,452 - py.warnings - WARNING - /opt/anaconda3/envs/stock-classification/lib/python3.7/site-packages/pandas_datareader/compat/__init__.py:11: DeprecationWarning: distutils Version classes are deprecated. Use packaging.version instead.
  PANDAS_VERSION = LooseVersion(pd.__version__)

2022-09-06 10:24:47,454 - py.warnings - WARNING - /opt/anaconda3/envs/stock-classification/lib/python3.7/site-packages/pandas_datareader/compat/__init__.py:13: DeprecationWarning: distutils Version classes are deprecated. Use packaging.version instead.
  PANDAS_0210 = PANDAS_VERSION >= LooseVersion("0.21.0")

2022-09-06 10:24:47,456 - py.warnings - WARNING - /opt/anaconda3/envs/stock-classification/lib/python3.7/site-packages/pandas_datareader/compat/__init__.py:14: DeprecationWarning: distutils Version classes are deprecated. Use packaging.version instead.
  PANDAS_0220 = PANDAS_VERSION >= LooseVersion("0.22.0")

2022-09-06 10:24:47,458 - py.warnings - WARNING - /opt/anaconda3/envs/stock-classification/lib/python3.7/site-packages/pandas_datareader/compat/__init__.py:15: DeprecationWarning: distutils Version classes are deprecated. Use packaging.version instead.
  PANDAS_0230 = PANDAS_VERSION >= LooseVersion("0.23.0")

2022-09-06 10:24:47,522 - kedro.io.data_catalog - INFO - Loading data from 'params:test_pull_params' (MemoryDataSet)...
2022-09-06 10:24:47,523 - kedro.pipeline.node - INFO - Running node: pull-in-stock-data: pull_stock_data([params:test_pull_params]) -> [raw_equity_data]
2022-09-06 10:24:53,568 - kedro.io.data_catalog - INFO - Saving data to 'raw_equity_data' (MemoryDataSet)...
2022-09-06 10:24:53,570 - kedro.runner.sequential_runner - INFO - Completed 1 out of 1 tasks
2022-09-06 10:24:53,571 - kedro.runner.sequential_runner - INFO - Pipeline execution completed successfully.
2022-09-06 10:24:53,573 - kedro.io.data_catalog - INFO - Loading data from 'raw_equity_data' (MemoryDataSet)...
2022-09-06 10:25:52,968 - kedro.framework.session.session - INFO - Kedro project stock-price-classification
2022-09-06 10:25:53,423 - py.warnings - WARNING - /opt/anaconda3/envs/stock-classification/lib/python3.7/site-packages/pandas_datareader/compat/__init__.py:11: DeprecationWarning: distutils Version classes are deprecated. Use packaging.version instead.
  PANDAS_VERSION = LooseVersion(pd.__version__)

2022-09-06 10:25:53,425 - py.warnings - WARNING - /opt/anaconda3/envs/stock-classification/lib/python3.7/site-packages/pandas_datareader/compat/__init__.py:13: DeprecationWarning: distutils Version classes are deprecated. Use packaging.version instead.
  PANDAS_0210 = PANDAS_VERSION >= LooseVersion("0.21.0")

2022-09-06 10:25:53,427 - py.warnings - WARNING - /opt/anaconda3/envs/stock-classification/lib/python3.7/site-packages/pandas_datareader/compat/__init__.py:14: DeprecationWarning: distutils Version classes are deprecated. Use packaging.version instead.
  PANDAS_0220 = PANDAS_VERSION >= LooseVersion("0.22.0")

2022-09-06 10:25:53,429 - py.warnings - WARNING - /opt/anaconda3/envs/stock-classification/lib/python3.7/site-packages/pandas_datareader/compat/__init__.py:15: DeprecationWarning: distutils Version classes are deprecated. Use packaging.version instead.
  PANDAS_0230 = PANDAS_VERSION >= LooseVersion("0.23.0")

2022-09-06 10:26:13,553 - kedro.framework.session.session - INFO - Kedro project stock-price-classification
2022-09-06 10:26:14,007 - py.warnings - WARNING - /opt/anaconda3/envs/stock-classification/lib/python3.7/site-packages/pandas_datareader/compat/__init__.py:11: DeprecationWarning: distutils Version classes are deprecated. Use packaging.version instead.
  PANDAS_VERSION = LooseVersion(pd.__version__)

2022-09-06 10:26:14,009 - py.warnings - WARNING - /opt/anaconda3/envs/stock-classification/lib/python3.7/site-packages/pandas_datareader/compat/__init__.py:13: DeprecationWarning: distutils Version classes are deprecated. Use packaging.version instead.
  PANDAS_0210 = PANDAS_VERSION >= LooseVersion("0.21.0")

2022-09-06 10:26:14,011 - py.warnings - WARNING - /opt/anaconda3/envs/stock-classification/lib/python3.7/site-packages/pandas_datareader/compat/__init__.py:14: DeprecationWarning: distutils Version classes are deprecated. Use packaging.version instead.
  PANDAS_0220 = PANDAS_VERSION >= LooseVersion("0.22.0")

2022-09-06 10:26:14,013 - py.warnings - WARNING - /opt/anaconda3/envs/stock-classification/lib/python3.7/site-packages/pandas_datareader/compat/__init__.py:15: DeprecationWarning: distutils Version classes are deprecated. Use packaging.version instead.
  PANDAS_0230 = PANDAS_VERSION >= LooseVersion("0.23.0")

2022-09-06 10:29:28,904 - kedro.framework.session.session - INFO - Kedro project stock-price-classification
2022-09-06 10:29:29,381 - py.warnings - WARNING - /opt/anaconda3/envs/stock-classification/lib/python3.7/site-packages/pandas_datareader/compat/__init__.py:11: DeprecationWarning: distutils Version classes are deprecated. Use packaging.version instead.
  PANDAS_VERSION = LooseVersion(pd.__version__)

2022-09-06 10:29:29,384 - py.warnings - WARNING - /opt/anaconda3/envs/stock-classification/lib/python3.7/site-packages/pandas_datareader/compat/__init__.py:13: DeprecationWarning: distutils Version classes are deprecated. Use packaging.version instead.
  PANDAS_0210 = PANDAS_VERSION >= LooseVersion("0.21.0")

2022-09-06 10:29:29,385 - py.warnings - WARNING - /opt/anaconda3/envs/stock-classification/lib/python3.7/site-packages/pandas_datareader/compat/__init__.py:14: DeprecationWarning: distutils Version classes are deprecated. Use packaging.version instead.
  PANDAS_0220 = PANDAS_VERSION >= LooseVersion("0.22.0")

2022-09-06 10:29:29,387 - py.warnings - WARNING - /opt/anaconda3/envs/stock-classification/lib/python3.7/site-packages/pandas_datareader/compat/__init__.py:15: DeprecationWarning: distutils Version classes are deprecated. Use packaging.version instead.
  PANDAS_0230 = PANDAS_VERSION >= LooseVersion("0.23.0")

2022-09-07 07:57:07,565 - kedro.framework.session.session - INFO - Kedro project stock-price-classification
2022-09-07 07:57:08,296 - py.warnings - WARNING - /opt/anaconda3/envs/stock-classification/lib/python3.7/site-packages/pandas_datareader/compat/__init__.py:11: DeprecationWarning: distutils Version classes are deprecated. Use packaging.version instead.
  PANDAS_VERSION = LooseVersion(pd.__version__)

2022-09-07 07:57:08,298 - py.warnings - WARNING - /opt/anaconda3/envs/stock-classification/lib/python3.7/site-packages/pandas_datareader/compat/__init__.py:13: DeprecationWarning: distutils Version classes are deprecated. Use packaging.version instead.
  PANDAS_0210 = PANDAS_VERSION >= LooseVersion("0.21.0")

2022-09-07 07:57:08,300 - py.warnings - WARNING - /opt/anaconda3/envs/stock-classification/lib/python3.7/site-packages/pandas_datareader/compat/__init__.py:14: DeprecationWarning: distutils Version classes are deprecated. Use packaging.version instead.
  PANDAS_0220 = PANDAS_VERSION >= LooseVersion("0.22.0")

2022-09-07 07:57:08,302 - py.warnings - WARNING - /opt/anaconda3/envs/stock-classification/lib/python3.7/site-packages/pandas_datareader/compat/__init__.py:15: DeprecationWarning: distutils Version classes are deprecated. Use packaging.version instead.
  PANDAS_0230 = PANDAS_VERSION >= LooseVersion("0.23.0")

2022-09-07 08:32:39,424 - kedro.framework.session.session - INFO - Kedro project stock-price-classification
2022-09-07 08:32:39,932 - py.warnings - WARNING - /opt/anaconda3/envs/stock-classification/lib/python3.7/site-packages/pandas_datareader/compat/__init__.py:11: DeprecationWarning: distutils Version classes are deprecated. Use packaging.version instead.
  PANDAS_VERSION = LooseVersion(pd.__version__)

2022-09-07 08:32:39,934 - py.warnings - WARNING - /opt/anaconda3/envs/stock-classification/lib/python3.7/site-packages/pandas_datareader/compat/__init__.py:13: DeprecationWarning: distutils Version classes are deprecated. Use packaging.version instead.
  PANDAS_0210 = PANDAS_VERSION >= LooseVersion("0.21.0")

2022-09-07 08:32:39,936 - py.warnings - WARNING - /opt/anaconda3/envs/stock-classification/lib/python3.7/site-packages/pandas_datareader/compat/__init__.py:14: DeprecationWarning: distutils Version classes are deprecated. Use packaging.version instead.
  PANDAS_0220 = PANDAS_VERSION >= LooseVersion("0.22.0")

2022-09-07 08:32:39,938 - py.warnings - WARNING - /opt/anaconda3/envs/stock-classification/lib/python3.7/site-packages/pandas_datareader/compat/__init__.py:15: DeprecationWarning: distutils Version classes are deprecated. Use packaging.version instead.
  PANDAS_0230 = PANDAS_VERSION >= LooseVersion("0.23.0")

2022-09-07 08:33:09,224 - kedro.framework.session.session - INFO - Kedro project stock-price-classification
2022-09-07 08:33:09,681 - py.warnings - WARNING - /opt/anaconda3/envs/stock-classification/lib/python3.7/site-packages/pandas_datareader/compat/__init__.py:11: DeprecationWarning: distutils Version classes are deprecated. Use packaging.version instead.
  PANDAS_VERSION = LooseVersion(pd.__version__)

2022-09-07 08:33:09,683 - py.warnings - WARNING - /opt/anaconda3/envs/stock-classification/lib/python3.7/site-packages/pandas_datareader/compat/__init__.py:13: DeprecationWarning: distutils Version classes are deprecated. Use packaging.version instead.
  PANDAS_0210 = PANDAS_VERSION >= LooseVersion("0.21.0")

2022-09-07 08:33:09,685 - py.warnings - WARNING - /opt/anaconda3/envs/stock-classification/lib/python3.7/site-packages/pandas_datareader/compat/__init__.py:14: DeprecationWarning: distutils Version classes are deprecated. Use packaging.version instead.
  PANDAS_0220 = PANDAS_VERSION >= LooseVersion("0.22.0")

2022-09-07 08:33:09,687 - py.warnings - WARNING - /opt/anaconda3/envs/stock-classification/lib/python3.7/site-packages/pandas_datareader/compat/__init__.py:15: DeprecationWarning: distutils Version classes are deprecated. Use packaging.version instead.
  PANDAS_0230 = PANDAS_VERSION >= LooseVersion("0.23.0")

2022-09-07 08:33:09,757 - kedro.io.data_catalog - INFO - Loading data from 'params:stock_pull_settings' (MemoryDataSet)...
2022-09-07 08:33:09,758 - kedro.pipeline.node - INFO - Running node: pull-in-stock-data: pull_stock_data([params:stock_pull_settings]) -> [raw_equity_data]
2022-09-07 08:33:16,925 - kedro.io.data_catalog - INFO - Saving data to 'raw_equity_data' (MemoryDataSet)...
2022-09-07 08:33:16,926 - kedro.runner.sequential_runner - INFO - Completed 1 out of 1 tasks
2022-09-07 08:33:16,928 - kedro.runner.sequential_runner - INFO - Pipeline execution completed successfully.
2022-09-07 08:33:16,929 - kedro.io.data_catalog - INFO - Loading data from 'raw_equity_data' (MemoryDataSet)...
2022-09-07 09:08:31,520 - kedro.framework.session.session - INFO - Kedro project stock-price-classification
2022-09-07 09:08:31,983 - py.warnings - WARNING - /opt/anaconda3/envs/stock-classification/lib/python3.7/site-packages/pandas_datareader/compat/__init__.py:11: DeprecationWarning: distutils Version classes are deprecated. Use packaging.version instead.
  PANDAS_VERSION = LooseVersion(pd.__version__)

2022-09-07 09:08:31,985 - py.warnings - WARNING - /opt/anaconda3/envs/stock-classification/lib/python3.7/site-packages/pandas_datareader/compat/__init__.py:13: DeprecationWarning: distutils Version classes are deprecated. Use packaging.version instead.
  PANDAS_0210 = PANDAS_VERSION >= LooseVersion("0.21.0")

2022-09-07 09:08:31,986 - py.warnings - WARNING - /opt/anaconda3/envs/stock-classification/lib/python3.7/site-packages/pandas_datareader/compat/__init__.py:14: DeprecationWarning: distutils Version classes are deprecated. Use packaging.version instead.
  PANDAS_0220 = PANDAS_VERSION >= LooseVersion("0.22.0")

2022-09-07 09:08:31,988 - py.warnings - WARNING - /opt/anaconda3/envs/stock-classification/lib/python3.7/site-packages/pandas_datareader/compat/__init__.py:15: DeprecationWarning: distutils Version classes are deprecated. Use packaging.version instead.
  PANDAS_0230 = PANDAS_VERSION >= LooseVersion("0.23.0")

2022-09-07 09:09:01,402 - kedro.framework.session.session - INFO - Kedro project stock-price-classification
2022-09-07 09:09:01,871 - py.warnings - WARNING - /opt/anaconda3/envs/stock-classification/lib/python3.7/site-packages/pandas_datareader/compat/__init__.py:11: DeprecationWarning: distutils Version classes are deprecated. Use packaging.version instead.
  PANDAS_VERSION = LooseVersion(pd.__version__)

2022-09-07 09:09:01,873 - py.warnings - WARNING - /opt/anaconda3/envs/stock-classification/lib/python3.7/site-packages/pandas_datareader/compat/__init__.py:13: DeprecationWarning: distutils Version classes are deprecated. Use packaging.version instead.
  PANDAS_0210 = PANDAS_VERSION >= LooseVersion("0.21.0")

2022-09-07 09:09:01,875 - py.warnings - WARNING - /opt/anaconda3/envs/stock-classification/lib/python3.7/site-packages/pandas_datareader/compat/__init__.py:14: DeprecationWarning: distutils Version classes are deprecated. Use packaging.version instead.
  PANDAS_0220 = PANDAS_VERSION >= LooseVersion("0.22.0")

2022-09-07 09:09:01,877 - py.warnings - WARNING - /opt/anaconda3/envs/stock-classification/lib/python3.7/site-packages/pandas_datareader/compat/__init__.py:15: DeprecationWarning: distutils Version classes are deprecated. Use packaging.version instead.
  PANDAS_0230 = PANDAS_VERSION >= LooseVersion("0.23.0")

2022-09-07 09:09:01,941 - kedro.io.data_catalog - INFO - Loading data from 'params:stock_pull_settings' (MemoryDataSet)...
2022-09-07 09:09:01,942 - kedro.pipeline.node - INFO - Running node: pull-in-stock-data: pull_stock_data([params:stock_pull_settings]) -> [raw_equity_data]
2022-09-07 09:09:07,971 - kedro.io.data_catalog - INFO - Saving data to 'raw_equity_data' (MemoryDataSet)...
2022-09-07 09:09:07,973 - kedro.runner.sequential_runner - INFO - Completed 1 out of 1 tasks
2022-09-07 09:09:07,974 - kedro.runner.sequential_runner - INFO - Pipeline execution completed successfully.
2022-09-07 09:09:07,975 - kedro.io.data_catalog - INFO - Loading data from 'raw_equity_data' (MemoryDataSet)...
2022-09-07 09:20:16,328 - kedro.framework.session.session - INFO - Kedro project stock-price-classification
2022-09-07 09:20:16,787 - py.warnings - WARNING - /opt/anaconda3/envs/stock-classification/lib/python3.7/site-packages/pandas_datareader/compat/__init__.py:11: DeprecationWarning: distutils Version classes are deprecated. Use packaging.version instead.
  PANDAS_VERSION = LooseVersion(pd.__version__)

2022-09-07 09:20:16,789 - py.warnings - WARNING - /opt/anaconda3/envs/stock-classification/lib/python3.7/site-packages/pandas_datareader/compat/__init__.py:13: DeprecationWarning: distutils Version classes are deprecated. Use packaging.version instead.
  PANDAS_0210 = PANDAS_VERSION >= LooseVersion("0.21.0")

2022-09-07 09:20:16,791 - py.warnings - WARNING - /opt/anaconda3/envs/stock-classification/lib/python3.7/site-packages/pandas_datareader/compat/__init__.py:14: DeprecationWarning: distutils Version classes are deprecated. Use packaging.version instead.
  PANDAS_0220 = PANDAS_VERSION >= LooseVersion("0.22.0")

2022-09-07 09:20:16,793 - py.warnings - WARNING - /opt/anaconda3/envs/stock-classification/lib/python3.7/site-packages/pandas_datareader/compat/__init__.py:15: DeprecationWarning: distutils Version classes are deprecated. Use packaging.version instead.
  PANDAS_0230 = PANDAS_VERSION >= LooseVersion("0.23.0")

2022-09-07 09:20:16,863 - kedro.io.data_catalog - INFO - Loading data from 'params:stock_pull_settings' (MemoryDataSet)...
2022-09-07 09:20:16,865 - kedro.pipeline.node - INFO - Running node: pull-in-stock-data: pull_stock_data([params:stock_pull_settings]) -> [raw_equity_data]
2022-09-07 09:20:24,913 - kedro.io.data_catalog - INFO - Saving data to 'raw_equity_data' (MemoryDataSet)...
2022-09-07 09:20:24,915 - kedro.runner.sequential_runner - INFO - Completed 1 out of 1 tasks
2022-09-07 09:20:24,916 - kedro.runner.sequential_runner - INFO - Pipeline execution completed successfully.
2022-09-07 09:20:24,917 - kedro.io.data_catalog - INFO - Loading data from 'raw_equity_data' (MemoryDataSet)...
2022-09-07 09:24:59,860 - kedro.framework.session.session - INFO - Kedro project stock-price-classification
2022-09-07 09:25:00,361 - py.warnings - WARNING - /opt/anaconda3/envs/stock-classification/lib/python3.7/site-packages/pandas_datareader/compat/__init__.py:11: DeprecationWarning: distutils Version classes are deprecated. Use packaging.version instead.
  PANDAS_VERSION = LooseVersion(pd.__version__)

2022-09-07 09:25:00,363 - py.warnings - WARNING - /opt/anaconda3/envs/stock-classification/lib/python3.7/site-packages/pandas_datareader/compat/__init__.py:13: DeprecationWarning: distutils Version classes are deprecated. Use packaging.version instead.
  PANDAS_0210 = PANDAS_VERSION >= LooseVersion("0.21.0")

2022-09-07 09:25:00,365 - py.warnings - WARNING - /opt/anaconda3/envs/stock-classification/lib/python3.7/site-packages/pandas_datareader/compat/__init__.py:14: DeprecationWarning: distutils Version classes are deprecated. Use packaging.version instead.
  PANDAS_0220 = PANDAS_VERSION >= LooseVersion("0.22.0")

2022-09-07 09:25:00,367 - py.warnings - WARNING - /opt/anaconda3/envs/stock-classification/lib/python3.7/site-packages/pandas_datareader/compat/__init__.py:15: DeprecationWarning: distutils Version classes are deprecated. Use packaging.version instead.
  PANDAS_0230 = PANDAS_VERSION >= LooseVersion("0.23.0")

2022-09-07 09:25:00,434 - kedro.io.data_catalog - INFO - Loading data from 'params:stock_pull_settings' (MemoryDataSet)...
2022-09-07 09:25:00,436 - kedro.pipeline.node - INFO - Running node: pull-in-stock-data: pull_stock_data([params:stock_pull_settings]) -> [raw_equity_data]
2022-09-07 09:25:07,570 - kedro.io.data_catalog - INFO - Saving data to 'raw_equity_data' (MemoryDataSet)...
2022-09-07 09:25:07,572 - kedro.runner.sequential_runner - INFO - Completed 1 out of 1 tasks
2022-09-07 09:25:07,573 - kedro.runner.sequential_runner - INFO - Pipeline execution completed successfully.
2022-09-07 09:25:07,574 - kedro.io.data_catalog - INFO - Loading data from 'raw_equity_data' (MemoryDataSet)...
2022-09-07 09:26:07,282 - kedro.framework.session.session - INFO - Kedro project stock-price-classification
2022-09-07 09:26:07,762 - py.warnings - WARNING - /opt/anaconda3/envs/stock-classification/lib/python3.7/site-packages/pandas_datareader/compat/__init__.py:11: DeprecationWarning: distutils Version classes are deprecated. Use packaging.version instead.
  PANDAS_VERSION = LooseVersion(pd.__version__)

2022-09-07 09:26:07,764 - py.warnings - WARNING - /opt/anaconda3/envs/stock-classification/lib/python3.7/site-packages/pandas_datareader/compat/__init__.py:13: DeprecationWarning: distutils Version classes are deprecated. Use packaging.version instead.
  PANDAS_0210 = PANDAS_VERSION >= LooseVersion("0.21.0")

2022-09-07 09:26:07,766 - py.warnings - WARNING - /opt/anaconda3/envs/stock-classification/lib/python3.7/site-packages/pandas_datareader/compat/__init__.py:14: DeprecationWarning: distutils Version classes are deprecated. Use packaging.version instead.
  PANDAS_0220 = PANDAS_VERSION >= LooseVersion("0.22.0")

2022-09-07 09:26:07,768 - py.warnings - WARNING - /opt/anaconda3/envs/stock-classification/lib/python3.7/site-packages/pandas_datareader/compat/__init__.py:15: DeprecationWarning: distutils Version classes are deprecated. Use packaging.version instead.
  PANDAS_0230 = PANDAS_VERSION >= LooseVersion("0.23.0")

2022-09-07 09:26:07,837 - kedro.io.data_catalog - INFO - Loading data from 'params:stock_pull_settings' (MemoryDataSet)...
2022-09-07 09:26:07,839 - kedro.pipeline.node - INFO - Running node: pull-in-stock-data: pull_stock_data([params:stock_pull_settings]) -> [raw_combined_equity_data]
2022-09-07 09:26:17,674 - kedro.io.data_catalog - INFO - Saving data to 'raw_combined_equity_data' (MemoryDataSet)...
2022-09-07 09:26:17,677 - kedro.runner.sequential_runner - INFO - Completed 1 out of 1 tasks
2022-09-07 09:26:17,678 - kedro.runner.sequential_runner - INFO - Pipeline execution completed successfully.
2022-09-07 09:26:17,680 - kedro.io.data_catalog - INFO - Loading data from 'raw_combined_equity_data' (MemoryDataSet)...
2022-09-07 09:27:14,171 - kedro.framework.session.session - INFO - Kedro project stock-price-classification
2022-09-07 09:27:14,631 - py.warnings - WARNING - /opt/anaconda3/envs/stock-classification/lib/python3.7/site-packages/pandas_datareader/compat/__init__.py:11: DeprecationWarning: distutils Version classes are deprecated. Use packaging.version instead.
  PANDAS_VERSION = LooseVersion(pd.__version__)

2022-09-07 09:27:14,634 - py.warnings - WARNING - /opt/anaconda3/envs/stock-classification/lib/python3.7/site-packages/pandas_datareader/compat/__init__.py:13: DeprecationWarning: distutils Version classes are deprecated. Use packaging.version instead.
  PANDAS_0210 = PANDAS_VERSION >= LooseVersion("0.21.0")

2022-09-07 09:27:14,636 - py.warnings - WARNING - /opt/anaconda3/envs/stock-classification/lib/python3.7/site-packages/pandas_datareader/compat/__init__.py:14: DeprecationWarning: distutils Version classes are deprecated. Use packaging.version instead.
  PANDAS_0220 = PANDAS_VERSION >= LooseVersion("0.22.0")

2022-09-07 09:27:14,638 - py.warnings - WARNING - /opt/anaconda3/envs/stock-classification/lib/python3.7/site-packages/pandas_datareader/compat/__init__.py:15: DeprecationWarning: distutils Version classes are deprecated. Use packaging.version instead.
  PANDAS_0230 = PANDAS_VERSION >= LooseVersion("0.23.0")

2022-09-07 09:27:14,697 - kedro.io.data_catalog - INFO - Loading data from 'params:stock_pull_settings' (MemoryDataSet)...
2022-09-07 09:27:14,699 - kedro.pipeline.node - INFO - Running node: pull-in-stock-data: pull_stock_data([params:stock_pull_settings]) -> [raw_combined_equity_data]
2022-09-07 09:27:22,907 - kedro.io.data_catalog - INFO - Saving data to 'raw_combined_equity_data' (CSVDataSet)...
2022-09-07 09:27:22,929 - kedro.runner.sequential_runner - WARNING - There are 1 nodes that have not run.
You can resume the pipeline run by adding the following argument to your previous command:

2022-09-07 09:28:12,590 - kedro.framework.session.session - INFO - Kedro project stock-price-classification
2022-09-07 09:28:13,034 - py.warnings - WARNING - /opt/anaconda3/envs/stock-classification/lib/python3.7/site-packages/pandas_datareader/compat/__init__.py:11: DeprecationWarning: distutils Version classes are deprecated. Use packaging.version instead.
  PANDAS_VERSION = LooseVersion(pd.__version__)

2022-09-07 09:28:13,037 - py.warnings - WARNING - /opt/anaconda3/envs/stock-classification/lib/python3.7/site-packages/pandas_datareader/compat/__init__.py:13: DeprecationWarning: distutils Version classes are deprecated. Use packaging.version instead.
  PANDAS_0210 = PANDAS_VERSION >= LooseVersion("0.21.0")

2022-09-07 09:28:13,039 - py.warnings - WARNING - /opt/anaconda3/envs/stock-classification/lib/python3.7/site-packages/pandas_datareader/compat/__init__.py:14: DeprecationWarning: distutils Version classes are deprecated. Use packaging.version instead.
  PANDAS_0220 = PANDAS_VERSION >= LooseVersion("0.22.0")

2022-09-07 09:28:13,042 - py.warnings - WARNING - /opt/anaconda3/envs/stock-classification/lib/python3.7/site-packages/pandas_datareader/compat/__init__.py:15: DeprecationWarning: distutils Version classes are deprecated. Use packaging.version instead.
  PANDAS_0230 = PANDAS_VERSION >= LooseVersion("0.23.0")

2022-09-07 09:28:13,107 - kedro.io.data_catalog - INFO - Loading data from 'params:stock_pull_settings' (MemoryDataSet)...
2022-09-07 09:28:13,108 - kedro.pipeline.node - INFO - Running node: pull-in-stock-data: pull_stock_data([params:stock_pull_settings]) -> [raw_combined_equity_data]
2022-09-07 09:28:22,080 - kedro.io.data_catalog - INFO - Saving data to 'raw_combined_equity_data' (CSVDataSet)...
2022-09-07 09:28:22,096 - kedro.runner.sequential_runner - INFO - Completed 1 out of 1 tasks
2022-09-07 09:28:22,098 - kedro.runner.sequential_runner - INFO - Pipeline execution completed successfully.
2022-09-07 09:30:07,534 - kedro.framework.session.session - INFO - Kedro project stock-price-classification
2022-09-07 09:30:07,997 - py.warnings - WARNING - /opt/anaconda3/envs/stock-classification/lib/python3.7/site-packages/pandas_datareader/compat/__init__.py:11: DeprecationWarning: distutils Version classes are deprecated. Use packaging.version instead.
  PANDAS_VERSION = LooseVersion(pd.__version__)

2022-09-07 09:30:07,999 - py.warnings - WARNING - /opt/anaconda3/envs/stock-classification/lib/python3.7/site-packages/pandas_datareader/compat/__init__.py:13: DeprecationWarning: distutils Version classes are deprecated. Use packaging.version instead.
  PANDAS_0210 = PANDAS_VERSION >= LooseVersion("0.21.0")

2022-09-07 09:30:08,001 - py.warnings - WARNING - /opt/anaconda3/envs/stock-classification/lib/python3.7/site-packages/pandas_datareader/compat/__init__.py:14: DeprecationWarning: distutils Version classes are deprecated. Use packaging.version instead.
  PANDAS_0220 = PANDAS_VERSION >= LooseVersion("0.22.0")

2022-09-07 09:30:08,002 - py.warnings - WARNING - /opt/anaconda3/envs/stock-classification/lib/python3.7/site-packages/pandas_datareader/compat/__init__.py:15: DeprecationWarning: distutils Version classes are deprecated. Use packaging.version instead.
  PANDAS_0230 = PANDAS_VERSION >= LooseVersion("0.23.0")

2022-09-07 09:30:08,065 - kedro.io.data_catalog - INFO - Loading data from 'params:stock_pull_settings' (MemoryDataSet)...
2022-09-07 09:30:08,066 - kedro.pipeline.node - INFO - Running node: pull-in-stock-data: pull_stock_data([params:stock_pull_settings]) -> [raw_combined_equity_data]
2022-09-07 09:30:11,778 - kedro.io.data_catalog - INFO - Saving data to 'raw_combined_equity_data' (CSVDataSet)...
2022-09-07 09:30:11,795 - kedro.runner.sequential_runner - INFO - Completed 1 out of 1 tasks
2022-09-07 09:30:11,796 - kedro.runner.sequential_runner - INFO - Pipeline execution completed successfully.
2022-09-07 09:30:51,837 - kedro.framework.session.session - INFO - Kedro project stock-price-classification
2022-09-07 09:30:52,299 - py.warnings - WARNING - /opt/anaconda3/envs/stock-classification/lib/python3.7/site-packages/pandas_datareader/compat/__init__.py:11: DeprecationWarning: distutils Version classes are deprecated. Use packaging.version instead.
  PANDAS_VERSION = LooseVersion(pd.__version__)

2022-09-07 09:30:52,301 - py.warnings - WARNING - /opt/anaconda3/envs/stock-classification/lib/python3.7/site-packages/pandas_datareader/compat/__init__.py:13: DeprecationWarning: distutils Version classes are deprecated. Use packaging.version instead.
  PANDAS_0210 = PANDAS_VERSION >= LooseVersion("0.21.0")

2022-09-07 09:30:52,303 - py.warnings - WARNING - /opt/anaconda3/envs/stock-classification/lib/python3.7/site-packages/pandas_datareader/compat/__init__.py:14: DeprecationWarning: distutils Version classes are deprecated. Use packaging.version instead.
  PANDAS_0220 = PANDAS_VERSION >= LooseVersion("0.22.0")

2022-09-07 09:30:52,305 - py.warnings - WARNING - /opt/anaconda3/envs/stock-classification/lib/python3.7/site-packages/pandas_datareader/compat/__init__.py:15: DeprecationWarning: distutils Version classes are deprecated. Use packaging.version instead.
  PANDAS_0230 = PANDAS_VERSION >= LooseVersion("0.23.0")

2022-09-07 09:30:52,364 - kedro.io.data_catalog - INFO - Loading data from 'params:stock_pull_settings' (MemoryDataSet)...
2022-09-07 09:30:52,366 - kedro.pipeline.node - INFO - Running node: pull-in-stock-data: pull_stock_data([params:stock_pull_settings]) -> [raw_combined_equity_data]
2022-09-07 09:30:53,457 - kedro.pipeline.node - ERROR - Node 'pull-in-stock-data: pull_stock_data([params:stock_pull_settings]) -> [raw_combined_equity_data]' failed with error: 
[Errno 2] No such file or directory: '../data/01_raw/separate_stock_pulls/XLE.csv'
2022-09-07 09:30:53,459 - kedro.runner.sequential_runner - WARNING - There are 1 nodes that have not run.
You can resume the pipeline run by adding the following argument to your previous command:

2022-09-07 09:34:53,948 - kedro.framework.session.session - INFO - Kedro project stock-price-classification
2022-09-07 09:34:54,405 - py.warnings - WARNING - /opt/anaconda3/envs/stock-classification/lib/python3.7/site-packages/pandas_datareader/compat/__init__.py:11: DeprecationWarning: distutils Version classes are deprecated. Use packaging.version instead.
  PANDAS_VERSION = LooseVersion(pd.__version__)

2022-09-07 09:34:54,407 - py.warnings - WARNING - /opt/anaconda3/envs/stock-classification/lib/python3.7/site-packages/pandas_datareader/compat/__init__.py:13: DeprecationWarning: distutils Version classes are deprecated. Use packaging.version instead.
  PANDAS_0210 = PANDAS_VERSION >= LooseVersion("0.21.0")

2022-09-07 09:34:54,409 - py.warnings - WARNING - /opt/anaconda3/envs/stock-classification/lib/python3.7/site-packages/pandas_datareader/compat/__init__.py:14: DeprecationWarning: distutils Version classes are deprecated. Use packaging.version instead.
  PANDAS_0220 = PANDAS_VERSION >= LooseVersion("0.22.0")

2022-09-07 09:34:54,411 - py.warnings - WARNING - /opt/anaconda3/envs/stock-classification/lib/python3.7/site-packages/pandas_datareader/compat/__init__.py:15: DeprecationWarning: distutils Version classes are deprecated. Use packaging.version instead.
  PANDAS_0230 = PANDAS_VERSION >= LooseVersion("0.23.0")

2022-09-07 09:34:54,470 - kedro.io.data_catalog - INFO - Loading data from 'params:stock_pull_settings' (MemoryDataSet)...
2022-09-07 09:34:54,471 - kedro.pipeline.node - INFO - Running node: pull-in-stock-data: pull_stock_data([params:stock_pull_settings]) -> [raw_combined_equity_data]
2022-09-07 09:35:02,015 - kedro.io.data_catalog - INFO - Saving data to 'raw_combined_equity_data' (CSVDataSet)...
2022-09-07 09:35:02,031 - kedro.runner.sequential_runner - INFO - Completed 1 out of 1 tasks
2022-09-07 09:35:02,032 - kedro.runner.sequential_runner - INFO - Pipeline execution completed successfully.
2022-09-07 09:35:32,730 - kedro.framework.session.session - INFO - Kedro project stock-price-classification
2022-09-07 09:35:33,189 - py.warnings - WARNING - /opt/anaconda3/envs/stock-classification/lib/python3.7/site-packages/pandas_datareader/compat/__init__.py:11: DeprecationWarning: distutils Version classes are deprecated. Use packaging.version instead.
  PANDAS_VERSION = LooseVersion(pd.__version__)

2022-09-07 09:35:33,191 - py.warnings - WARNING - /opt/anaconda3/envs/stock-classification/lib/python3.7/site-packages/pandas_datareader/compat/__init__.py:13: DeprecationWarning: distutils Version classes are deprecated. Use packaging.version instead.
  PANDAS_0210 = PANDAS_VERSION >= LooseVersion("0.21.0")

2022-09-07 09:35:33,194 - py.warnings - WARNING - /opt/anaconda3/envs/stock-classification/lib/python3.7/site-packages/pandas_datareader/compat/__init__.py:14: DeprecationWarning: distutils Version classes are deprecated. Use packaging.version instead.
  PANDAS_0220 = PANDAS_VERSION >= LooseVersion("0.22.0")

2022-09-07 09:35:33,196 - py.warnings - WARNING - /opt/anaconda3/envs/stock-classification/lib/python3.7/site-packages/pandas_datareader/compat/__init__.py:15: DeprecationWarning: distutils Version classes are deprecated. Use packaging.version instead.
  PANDAS_0230 = PANDAS_VERSION >= LooseVersion("0.23.0")

2022-09-07 09:35:33,257 - kedro.io.data_catalog - INFO - Loading data from 'params:stock_pull_settings' (MemoryDataSet)...
2022-09-07 09:35:33,259 - kedro.pipeline.node - INFO - Running node: pull-in-stock-data: pull_stock_data([params:stock_pull_settings]) -> [raw_combined_equity_data]
2022-09-07 09:35:42,454 - kedro.io.data_catalog - INFO - Saving data to 'raw_combined_equity_data' (CSVDataSet)...
2022-09-07 09:35:42,470 - kedro.runner.sequential_runner - INFO - Completed 1 out of 1 tasks
2022-09-07 09:35:42,472 - kedro.runner.sequential_runner - INFO - Pipeline execution completed successfully.
